<?xml version="1.0" encoding="UTF-8"?>
<testsuite name="com.aor.numbers.ListSorterTest" tests="1" skipped="0" failures="0" errors="0" timestamp="2021-03-12T14:57:12" hostname="miguel-HP-ENVY-14-Notebook-PC" time="0.002">
  <properties/>
  <testcase name="sort()" classname="com.aor.numbers.ListSorterTest" time="0.002"/>
  <system-out><![CDATA[]]></system-out>
  <system-err><![CDATA[]]></system-err>
</testsuite>
