<?xml version="1.0" encoding="UTF-8"?>
<testsuite name="superMario.model.game.CharacterTest" tests="7" skipped="0" failures="0" errors="0" timestamp="2021-05-31T00:46:29" hostname="miguel" time="0.016">
  <properties/>
  <testcase name="resetLives()" classname="superMario.model.game.CharacterTest" time="0.001"/>
  <testcase name="testJumpEnd()" classname="superMario.model.game.CharacterTest" time="0.0"/>
  <testcase name="testGetLives()" classname="superMario.model.game.CharacterTest" time="0.001"/>
  <testcase name="testDie()" classname="superMario.model.game.CharacterTest" time="0.002"/>
  <testcase name="testIsJumping()" classname="superMario.model.game.CharacterTest" time="0.002"/>
  <testcase name="testJump()" classname="superMario.model.game.CharacterTest" time="0.001"/>
  <testcase name="resetPosition()" classname="superMario.model.game.CharacterTest" time="0.002"/>
  <system-out><![CDATA[]]></system-out>
  <system-err><![CDATA[]]></system-err>
</testsuite>
