<?xml version="1.0" encoding="UTF-8"?>
<testsuite name="superMario.state.StateTransitionTest" tests="3" skipped="0" failures="0" errors="0" timestamp="2021-05-31T00:46:33" hostname="miguel" time="0.822">
  <properties/>
  <testcase name="testGetController()" classname="superMario.state.StateTransitionTest" time="0.274"/>
  <testcase name="testGetModel()" classname="superMario.state.StateTransitionTest" time="0.262"/>
  <testcase name="testGetViewer()" classname="superMario.state.StateTransitionTest" time="0.285"/>
  <system-out><![CDATA[]]></system-out>
  <system-err><![CDATA[]]></system-err>
</testsuite>
