<?xml version="1.0" encoding="UTF-8"?>
<testsuite name="superMario.model.game.BrickTest" tests="2" skipped="0" failures="0" errors="0" timestamp="2021-05-31T00:46:29" hostname="miguel" time="0.005">
  <properties/>
  <testcase name="getPoints()" classname="superMario.model.game.BrickTest" time="0.002"/>
  <testcase name="breakBrick()" classname="superMario.model.game.BrickTest" time="0.002"/>
  <system-out><![CDATA[]]></system-out>
  <system-err><![CDATA[]]></system-err>
</testsuite>
