<?xml version="1.0" encoding="UTF-8"?>
<testsuite name="superMario.controller.ControllerTest" tests="1" skipped="0" failures="0" errors="0" timestamp="2021-05-31T00:46:41" hostname="miguel" time="0.001">
  <properties/>
  <testcase name="getModel()" classname="superMario.controller.ControllerTest" time="0.001"/>
  <system-out><![CDATA[]]></system-out>
  <system-err><![CDATA[]]></system-err>
</testsuite>
