<?xml version="1.0" encoding="UTF-8"?>
<testsuite name="superMario.state.StateGameOverTest" tests="3" skipped="0" failures="0" errors="0" timestamp="2021-05-31T00:46:32" hostname="miguel" time="0.751">
  <properties/>
  <testcase name="testGetController()" classname="superMario.state.StateGameOverTest" time="0.246"/>
  <testcase name="testGetModel()" classname="superMario.state.StateGameOverTest" time="0.256"/>
  <testcase name="testGetViewer()" classname="superMario.state.StateGameOverTest" time="0.248"/>
  <system-out><![CDATA[]]></system-out>
  <system-err><![CDATA[]]></system-err>
</testsuite>
